[nangel3][agent-server-1][~/research/convai] python leaderboard.py
+-------------+-------------+-------------+-----------+-----------+------------+
|  username   | valid_chats | total_turns | max_turns | min_turns | non-valid_ |
|             |             |             |           |           |   chats    |
+=============+=============+=============+===========+===========+============+
| HeinrickLu  | 127         | 654         | 12        | 5         | 21         |
+-------------+-------------+-------------+-----------+-----------+------------+
| Ramchalam   | 73          | 488         | 20        | 5         | 10         |
+-------------+-------------+-------------+-----------+-----------+------------+
| saleemsadda | 47          | 259         | 12        | 5         | 8          |
| m           |             |             |           |           |            |
+-------------+-------------+-------------+-----------+-----------+------------+
| iamzaf      | 37          | 279         | 12        | 5         | 12         |
+-------------+-------------+-------------+-----------+-----------+------------+
| Jaspal13    | 13          | 92          | 10        | 5         | 1          |
+-------------+-------------+-------------+-----------+-----------+------------+
| NicolasAG   | 10          | 75          | 11        | 5         | 3          |
+-------------+-------------+-------------+-----------+-----------+------------+
| e2crawfo    | 5           | 60          | 22        | 6         | 1          |
+-------------+-------------+-------------+-----------+-----------+------------+
| howard_huan | 4           | 24          | 6         | 6         | 2          |
| g           |             |             |           |           |            |
+-------------+-------------+-------------+-----------+-----------+------------+
| koustuvs    | 4           | 22          | 6         | 5         | 14         |
+-------------+-------------+-------------+-----------+-----------+------------+
| mattgitts   | 3           | 17          | 7         | 5         | 1          |
+-------------+-------------+-------------+-----------+-----------+------------+
| onucharles  | 3           | 30          | 12        | 6         | 2          |
+-------------+-------------+-------------+-----------+-----------+------------+
| audurand    | 2           | 15          | 9         | 6         | 0          |
+-------------+-------------+-------------+-----------+-----------+------------+
| dipanjan92  | 1           | 7           | 7         | 7         | 0          |
+-------------+-------------+-------------+-----------+-----------+------------+
| Michelma09  | 1           | 5           | 5         | 5         | 3          |
+-------------+-------------+-------------+-----------+-----------+------------+
| pierthodo   | 1           | 12          | 12        | 12        | 0          |
+-------------+-------------+-------------+-----------+-----------+------------+
[nangel3][agent-server-1][~/research/convai]
